/*C3*/SET SCHEMA PUBLIC
INSERT INTO SOLDITEM VALUES(1,1,10,'Tuborg Lime',2,2.00000000000000000000000000000000)
COMMIT
INSERT INTO SOLDITEM VALUES(2,2,11,'Corona Extra',3,1.70000000000000000000000000000000)
COMMIT
INSERT INTO SOLDITEM VALUES(3,2,26,'Garlic breads',2,2.50000000000000000000000000000000)
COMMIT
INSERT INTO SOLDITEM VALUES(4,3,24,'Salted peanuts',1,1.20000000000000000000000000000000)
COMMIT
INSERT INTO SOLDITEM VALUES(5,3,3,'Cider',5,2.30000000000000000000000000000000)
COMMIT
CREATE MEMORY TABLE PUBLIC.ORDER(ID INTEGER GENERATED BY DEFAULT AS IDENTITY(START WITH 0) NOT NULL PRIMARY KEY,DATE VARCHAR(50),TIME VARCHAR(50))
INSERT INTO ORDER VALUES(1,'2014/11/11','11:33:05')
COMMIT
INSERT INTO ORDER VALUES(2,'2014/10/28','19:15:35')
COMMIT
INSERT INTO ORDER VALUES(3,'2014/11/10','21:49:28')
COMMIT
DISCONNECT
/*C4*/SET SCHEMA PUBLIC
DISCONNECT
